[0.017s] Invoking command in '/home/haixin/ws01_plumbing/build/cpp04_param': CMAKE_PREFIX_PATH=${CMAKE_PREFIX_PATH}:/opt/ros/jazzy /usr/bin/cmake --build /home/haixin/ws01_plumbing/build/cpp04_param -- -j4 -l4
[0.120s] [ 50%] [32mBuilding CXX object CMakeFiles/demo00_param.dir/src/demo00_param.cpp.o[0m
[3.403s] In file included from [01m[K/opt/ros/jazzy/include/rclcpp/rclcpp/logging.hpp:24[m[K,
[3.404s]                  from [01m[K/opt/ros/jazzy/include/rclcpp/rclcpp/copy_all_parameter_values.hpp:27[m[K,
[3.404s]                  from [01m[K/opt/ros/jazzy/include/rclcpp/rclcpp/rclcpp.hpp:171[m[K,
[3.404s]                  from [01m[K/home/haixin/ws01_plumbing/src/cpp04_param/src/demo00_param.cpp:1[m[K:
[3.404s] [01m[K/home/haixin/ws01_plumbing/src/cpp04_param/src/demo00_param.cpp:[m[K In constructor â€˜[01m[KMyParam::[01;32m[KMyParam[m[K()[m[Kâ€™:
[3.405s] [01m[K/home/haixin/ws01_plumbing/src/cpp04_param/src/demo00_param.cpp:15:59:[m[K [01;31m[Kerror: [m[Kâ€˜[01m[Kclass rclcpp::Parameter[m[Kâ€™ has no member named â€˜[01m[Ksa_string[m[Kâ€™; did you mean â€˜[01m[Kas_string[m[Kâ€™?
[3.405s]    15 |         RCLCPP_INFO(this->get_logger(),"car_name = %s",p1.[01;31m[Ksa_string[m[K().c_str());
[3.405s]       |                                                           [01;31m[K^~~~~~~~~[m[K
[4.328s] gmake[2]: *** [CMakeFiles/demo00_param.dir/build.make:76: CMakeFiles/demo00_param.dir/src/demo00_param.cpp.o] Error 1
[4.328s] gmake[1]: *** [CMakeFiles/Makefile2:137: CMakeFiles/demo00_param.dir/all] Error 2
[4.328s] gmake: *** [Makefile:146: all] Error 2
[4.332s] Invoked command in '/home/haixin/ws01_plumbing/build/cpp04_param' returned '2': CMAKE_PREFIX_PATH=${CMAKE_PREFIX_PATH}:/opt/ros/jazzy /usr/bin/cmake --build /home/haixin/ws01_plumbing/build/cpp04_param -- -j4 -l4
