[01m[K/home/haixin/ws01_plumbing/src/cpp01_topic/src/demo01_talker_str.cpp:12:2:[m[K [01;31m[Kerror: [m[Kexpected â€˜[01m[K;[m[Kâ€™ after class definition
   12 | }
      |  [01;31m[K^[m[K
      |  [32m[K;[m[K
gmake[2]: *** [CMakeFiles/demo01_talker_str.dir/build.make:76: CMakeFiles/demo01_talker_str.dir/src/demo01_talker_str.cpp.o] Error 1
gmake[1]: *** [CMakeFiles/Makefile2:137: CMakeFiles/demo01_talker_str.dir/all] Error 2
gmake: *** [Makefile:146: all] Error 2
