[0.019s] Invoking command in '/home/haixin/ws01_plumbing/build/base_interfaces_demo': /usr/bin/cmake --build /home/haixin/ws01_plumbing/build/base_interfaces_demo -- -j4 -l4
[0.060s] -- Found ament_cmake: 2.5.4 (/opt/ros/jazzy/share/ament_cmake/cmake)
[0.435s] -- Found rosidl_default_generators: 1.6.0 (/opt/ros/jazzy/share/rosidl_default_generators/cmake)
[0.445s] -- Using all available rosidl_typesupport_c: rosidl_typesupport_fastrtps_c;rosidl_typesupport_introspection_c
[0.508s] -- Using all available rosidl_typesupport_cpp: rosidl_typesupport_fastrtps_cpp;rosidl_typesupport_introspection_cpp
[0.569s] -- Found rosidl_adapter: 4.6.5 (/opt/ros/jazzy/share/rosidl_adapter/cmake)
[1.001s] Error parsing '/home/haixin/ws01_plumbing/src/base_interfaces_demo/package.xml':
[8.928s] Traceback (most recent call last):
[8.928s]   File "/opt/ros/jazzy/share/ament_cmake_core/cmake/core/package_xml_2_cmake.py", line 150, in <module>
[8.928s]     main()
[8.928s]   File "/opt/ros/jazzy/share/ament_cmake_core/cmake/core/package_xml_2_cmake.py", line 53, in main
[8.929s]     raise e
[8.929s]   File "/opt/ros/jazzy/share/ament_cmake_core/cmake/core/package_xml_2_cmake.py", line 49, in main
[8.929s]     package = parse_package_string(
[8.929s]               ^^^^^^^^^^^^^^^^^^^^^
[8.929s]   File "/usr/lib/python3/dist-packages/catkin_pkg/package.py", line 786, in parse_package_string
[8.929s]     raise InvalidPackage('Error(s):%s' % (''.join(['\n- %s' % e for e in errors])), filename)
[8.929s] catkin_pkg.package.InvalidPackage: Error(s) in package '/home/haixin/ws01_plumbing/src/base_interfaces_demo/package.xml':
[8.929s] Error(s):
[8.929s] - The manifest of package "base_interfaces_demo" (with format version 3) must not contain the following tags: buid_depend
[9.018s] [31mCMake Error at /opt/ros/jazzy/share/ament_cmake_core/cmake/core/ament_package_xml.cmake:95 (message):
[9.018s]   execute_process(/usr/bin/python3
[9.019s]   /opt/ros/jazzy/share/ament_cmake_core/cmake/core/package_xml_2_cmake.py
[9.019s]   /home/haixin/ws01_plumbing/src/base_interfaces_demo/package.xml
[9.019s]   /home/haixin/ws01_plumbing/build/base_interfaces_demo/ament_cmake_core/package.cmake)
[9.019s]   returned error code 1
[9.019s] Call Stack (most recent call first):
[9.019s]   /opt/ros/jazzy/share/ament_cmake_core/cmake/core/ament_package_xml.cmake:49 (_ament_package_xml)
[9.019s]   /opt/ros/jazzy/share/rosidl_cmake/cmake/rosidl_generate_interfaces.cmake:220 (ament_package_xml)
[9.019s]   CMakeLists.txt:15 (rosidl_generate_interfaces)
[9.019s] 
[9.019s] [0m
[9.020s] -- Configuring incomplete, errors occurred!
[9.029s] gmake: *** [Makefile:226: cmake_check_build_system] Error 1
[9.033s] Invoked command in '/home/haixin/ws01_plumbing/build/base_interfaces_demo' returned '2': /usr/bin/cmake --build /home/haixin/ws01_plumbing/build/base_interfaces_demo -- -j4 -l4
